The system is: Windows - 10.0.19042 - AMD64
Compiling the CXX compiler identification source file "CMakeCXXCompilerId.cpp" succeeded.
Compiler:  
Build flags: 
Id flags:  

The output was:
0
Microsoft (R) Build Engine version 16.8.3+39993bd9d for .NET Framework
Copyright (C) Microsoft Corporation. All rights reserved.

Build started 6/21/2021 4:31:44 PM.
Project "C:\Users\ttodo\MUNI\PV112\Project2\build\CMakeFiles\3.20.0-rc2\CompilerIdCXX\CompilerIdCXX.vcxproj" on node 1 (default targets).
PrepareForBuild:
  Creating directory "Debug\".
  Creating directory "Debug\CompilerIdCXX.tlog\".
InitializeBuildStatus:
  Creating "Debug\CompilerIdCXX.tlog\unsuccessfulbuild" because "AlwaysCreate" was specified.
VcpkgTripletSelection:
  Using triplet "x86-windows" from "C:\src\vcpkg\vcpkg\scripts\buildsystems\msbuild\..\..\..\installed\x86-windows\"
VcpkgCheckManifestRoot:
  The vcpkg manifest was disabled, but we found a manifest file in C:\Users\ttodo\MUNI\PV112\Project2\. You may want to enable vcpkg manifests in your properties page or pass /p:VcpkgEnableManifest=true to the msbuild invocation.
ClCompile:
  C:\Program Files (x86)\Microsoft Visual Studio\2019\BuildTools\VC\Tools\MSVC\14.28.29333\bin\HostX64\x86\CL.exe /c /I"C:\src\vcpkg\vcpkg\scripts\buildsystems\msbuild\..\..\..\installed\x86-windows\include" /nologo /W0 /WX- /diagnostics:column /Od /Oy- /D _MBCS /Gm- /EHsc /RTC1 /MDd /GS /fp:precise /Zc:wchar_t /Zc:forScope /Zc:inline /Fo"Debug\\" /Fd"Debug\vc142.pdb" /Gd /TP /analyze- /FC /errorReport:queue CMakeCXXCompilerId.cpp
  CMakeCXXCompilerId.cpp
Link:
  C:\Program Files (x86)\Microsoft Visual Studio\2019\BuildTools\VC\Tools\MSVC\14.28.29333\bin\HostX64\x86\link.exe /ERRORREPORT:QUEUE /OUT:".\CompilerIdCXX.exe" /INCREMENTAL:NO /NOLOGO /LIBPATH:"C:\src\vcpkg\vcpkg\scripts\buildsystems\msbuild\..\..\..\installed\x86-windows\debug\lib" /LIBPATH:"C:\src\vcpkg\vcpkg\scripts\buildsystems\msbuild\..\..\..\installed\x86-windows\debug\lib\manual-link" kernel32.lib user32.lib gdi32.lib winspool.lib comdlg32.lib advapi32.lib shell32.lib ole32.lib oleaut32.lib uuid.lib odbc32.lib odbccp32.lib "C:\src\vcpkg\vcpkg\scripts\buildsystems\msbuild\..\..\..\installed\x86-windows\debug\lib\*.lib" /MANIFEST /MANIFESTUAC:"level='asInvoker' uiAccess='false'" /manifest:embed /PDB:".\CompilerIdCXX.pdb" /SUBSYSTEM:CONSOLE /TLBID:1 /DYNAMICBASE /NXCOMPAT /IMPLIB:".\CompilerIdCXX.lib" /MACHINE:X86 /SAFESEH Debug\CMakeCXXCompilerId.obj
  CompilerIdCXX.vcxproj -> C:\Users\ttodo\MUNI\PV112\Project2\build\CMakeFiles\3.20.0-rc2\CompilerIdCXX\CompilerIdCXX.exe
AppLocalFromInstalled:
  pwsh.exe -ExecutionPolicy Bypass -noprofile -File "C:\src\vcpkg\vcpkg\scripts\buildsystems\msbuild\applocal.ps1" "C:\Users\ttodo\MUNI\PV112\Project2\build\CMakeFiles\3.20.0-rc2\CompilerIdCXX\CompilerIdCXX.exe" "C:\src\vcpkg\vcpkg\scripts\buildsystems\msbuild\..\..\..\installed\x86-windows\debug\bin" "Debug\CompilerIdCXX.tlog\CompilerIdCXX.write.1u.tlog" "Debug\vcpkg.applocal.log"
  'pwsh.exe' is not recognized as an internal or external command,
  operable program or batch file.
  The command "pwsh.exe -ExecutionPolicy Bypass -noprofile -File "C:\src\vcpkg\vcpkg\scripts\buildsystems\msbuild\applocal.ps1" "C:\Users\ttodo\MUNI\PV112\Project2\build\CMakeFiles\3.20.0-rc2\CompilerIdCXX\CompilerIdCXX.exe" "C:\src\vcpkg\vcpkg\scripts\buildsystems\msbuild\..\..\..\installed\x86-windows\debug\bin" "Debug\CompilerIdCXX.tlog\CompilerIdCXX.write.1u.tlog" "Debug\vcpkg.applocal.log"" exited with code 9009.
  "C:\WINDOWS\System32\WindowsPowerShell\v1.0\powershell.exe" -ExecutionPolicy Bypass -noprofile -File "C:\src\vcpkg\vcpkg\scripts\buildsystems\msbuild\applocal.ps1" "C:\Users\ttodo\MUNI\PV112\Project2\build\CMakeFiles\3.20.0-rc2\CompilerIdCXX\CompilerIdCXX.exe" "C:\src\vcpkg\vcpkg\scripts\buildsystems\msbuild\..\..\..\installed\x86-windows\debug\bin" "Debug\CompilerIdCXX.tlog\CompilerIdCXX.write.1u.tlog" "Debug\vcpkg.applocal.log"
PostBuildEvent:
  for %%i in (cl.exe) do @echo CMAKE_CXX_COMPILER=%%~$PATH:i
  :VCEnd
  CMAKE_CXX_COMPILER=C:\Program Files (x86)\Microsoft Visual Studio\2019\BuildTools\VC\Tools\MSVC\14.28.29333\bin\Hostx64\x86\cl.exe
FinalizeBuildStatus:
  Deleting file "Debug\CompilerIdCXX.tlog\unsuccessfulbuild".
  Touching "Debug\CompilerIdCXX.tlog\CompilerIdCXX.lastbuildstate".
Done Building Project "C:\Users\ttodo\MUNI\PV112\Project2\build\CMakeFiles\3.20.0-rc2\CompilerIdCXX\CompilerIdCXX.vcxproj" (default targets).

Build succeeded.
    0 Warning(s)
    0 Error(s)

Time Elapsed 00:00:04.10


Compilation of the CXX compiler identification source "CMakeCXXCompilerId.cpp" produced "CompilerIdCXX.exe"

Compilation of the CXX compiler identification source "CMakeCXXCompilerId.cpp" produced "CompilerIdCXX.vcxproj"

The CXX compiler identification is MSVC, found in "C:/Users/ttodo/MUNI/PV112/Project2/build/CMakeFiles/3.20.0-rc2/CompilerIdCXX/CompilerIdCXX.exe"

Detecting CXX compiler ABI info compiled with the following output:
Change Dir: C:/Users/ttodo/MUNI/PV112/Project2/build/CMakeFiles/CMakeTmp

Run Build Command(s):C:/Program Files (x86)/Microsoft Visual Studio/2019/BuildTools/MSBuild/Current/Bin/MSBuild.exe cmTC_ba77d.vcxproj /p:Configuration=Debug /p:Platform=win32 /p:VisualStudioVersion=16.0 /v:m && Microsoft (R) Build Engine version 16.8.3+39993bd9d for .NET Framework
Copyright (C) Microsoft Corporation. All rights reserved.

  Microsoft (R) C/C++ Optimizing Compiler Version 19.28.29337 for x86
  Copyright (C) Microsoft Corporation.  All rights reserved.
  CMakeCXXCompilerABI.cpp
  cl /c /Zi /W3 /WX- /diagnostics:column /Od /Ob0 /Oy- /D WIN32 /D _WINDOWS /D "CMAKE_INTDIR=\"Debug\"" /D _MBCS /Gm- /EHsc /RTC1 /MDd /GS /fp:precise /Zc:wchar_t /Zc:forScope /Zc:inline /GR /Fo"cmTC_ba77d.dir\Debug\\" /Fd"cmTC_ba77d.dir\Debug\vc142.pdb" /Gd /TP /analyze- /errorReport:queue "C:\Program Files\CMake\share\cmake-3.20\Modules\CMakeCXXCompilerABI.cpp"
  cmTC_ba77d.vcxproj -> C:\Users\ttodo\MUNI\PV112\Project2\build\CMakeFiles\CMakeTmp\Debug\cmTC_ba77d.exe



